<?xml version="1.0" encoding="UTF-8"?>
<testsuite name="SimpleCalcTest" tests="3" skipped="0" failures="0" errors="0" timestamp="2024-01-22T21:02:30" hostname="alienware-m15-R7" time="0.011">
  <properties/>
  <testcase name="testSumOfEvens()" classname="SimpleCalcTest" time="0.009"/>
  <testcase name="testAdd()" classname="SimpleCalcTest" time="0.001"/>
  <testcase name="testMultiply()" classname="SimpleCalcTest" time="0.001"/>
  <system-out><![CDATA[]]></system-out>
  <system-err><![CDATA[]]></system-err>
</testsuite>
